# JRE version: Java(TM) SE Runtime Environment (8.0_161-b12) (build 1.8.0_161-b12)
# Java VM: Java HotSpot(TM) Client VM (25.161-b12 mixed mode windows-x86 )
Heap:
 def new generation   total 55360K, used 10869K [0x04600000, 0x08210000, 0x19b50000)
  eden space 49216K,  20% used [0x04600000, 0x04fdb260, 0x07610000)
  from space 6144K,  12% used [0x07c10000, 0x07cd2398, 0x08210000)
  to   space 6144K,   0% used [0x07610000, 0x07610000, 0x07c10000)
 tenured generation   total 122752K, used 121455K [0x19b50000, 0x21330000, 0x44600000)
   the space 122752K,  98% used [0x19b50000, 0x211ebc38, 0x211ebe00, 0x21330000)
 Metaspace       used 57851K, capacity 59772K, committed 60416K, reserved 60800K
GC Heap History (10 events):
Event: 1485.111 GC heap before
{Heap before GC invocations=206 (full 16):
 def new generation   total 55360K, used 50210K [0x04600000, 0x08210000, 0x19b50000)
  eden space 49216K, 100% used [0x04600000, 0x07610000, 0x07610000)
  from space 6144K,  16% used [0x07610000, 0x07708a68, 0x07c10000)
  to   space 6144K,   0% used [0x07c10000, 0x07c10000, 0x08210000)
 tenured generation   total 122752K, used 119789K [0x19b50000, 0x21330000, 0x44600000)
   the space 122752K,  97% used [0x19b50000, 0x2104b6f0, 0x2104b800, 0x21330000)
 Metaspace       used 57485K, capacity 59397K, committed 60032K, reserved 60800K
Event: 1485.136 GC heap after
Heap after GC invocations=207 (full 16):
 def new generation   total 55360K, used 1564K [0x04600000, 0x08210000, 0x19b50000)
  eden space 49216K,   0% used [0x04600000, 0x04600000, 0x07610000)
  from space 6144K,  25% used [0x07c10000, 0x07d972d8, 0x08210000)
  to   space 6144K,   0% used [0x07610000, 0x07610000, 0x07c10000)
 tenured generation   total 122752K, used 119789K [0x19b50000, 0x21330000, 0x44600000)
   the space 122752K,  97% used [0x19b50000, 0x2104b6f0, 0x2104b800, 0x21330000)
 Metaspace       used 57485K, capacity 59397K, committed 60032K, reserved 60800K
}
Event: 1485.269 GC heap before
{Heap before GC invocations=207 (full 16):
 def new generation   total 55360K, used 13740K [0x04600000, 0x08210000, 0x19b50000)
  eden space 49216K,  24% used [0x04600000, 0x051e4010, 0x07610000)
  from space 6144K,  25% used [0x07c10000, 0x07d972d8, 0x08210000)
  to   space 6144K,   0% used [0x07610000, 0x07610000, 0x07c10000)
 tenured generation   total 122752K, used 119789K [0x19b50000, 0x21330000, 0x44600000)
   the space 122752K,  97% used [0x19b50000, 0x2104b6f0, 0x2104b800, 0x21330000)
 Metaspace       used 57658K, capacity 59594K, committed 60160K, reserved 60800K
Event: 1485.644 GC heap after
Heap after GC invocations=208 (full 17):
 def new generation   total 55360K, used 0K [0x04600000, 0x08210000, 0x19b50000)
  eden space 49216K,   0% used [0x04600000, 0x04600000, 0x07610000)
  from space 6144K,   0% used [0x07610000, 0x07610000, 0x07c10000)
  to   space 6144K,   0% used [0x07c10000, 0x07c10000, 0x08210000)
 tenured generation   total 122752K, used 70170K [0x19b50000, 0x21330000, 0x44600000)
   the space 122752K,  57% used [0x19b50000, 0x1dfd6a30, 0x1dfd6c00, 0x21330000)
 Metaspace       used 57658K, capacity 59594K, committed 60160K, reserved 60800K
}
Event: 1485.763 GC heap before
{Heap before GC invocations=208 (full 17):
 def new generation   total 55360K, used 47810K [0x04600000, 0x08210000, 0x19b50000)
  eden space 49216K,  97% used [0x04600000, 0x074b0868, 0x07610000)
  from space 6144K,   0% used [0x07610000, 0x07610000, 0x07c10000)
  to   space 6144K,   0% used [0x07c10000, 0x07c10000, 0x08210000)
 tenured generation   total 122752K, used 70170K [0x19b50000, 0x21330000, 0x44600000)
   the space 122752K,  57% used [0x19b50000, 0x1dfd6a30, 0x1dfd6c00, 0x21330000)
 Metaspace       used 57733K, capacity 59661K, committed 60288K, reserved 60800K
Event: 1485.794 GC heap after
Heap after GC invocations=209 (full 17):
 def new generation   total 55360K, used 425K [0x04600000, 0x08210000, 0x19b50000)
  eden space 49216K,   0% used [0x04600000, 0x04600000, 0x07610000)
  from space 6144K,   6% used [0x07c10000, 0x07c7a750, 0x08210000)
  to   space 6144K,   0% used [0x07610000, 0x07610000, 0x07c10000)
 tenured generation   total 122752K, used 111198K [0x19b50000, 0x21330000, 0x44600000)
   the space 122752K,  90% used [0x19b50000, 0x207e7890, 0x207e7a00, 0x21330000)
 Metaspace       used 57733K, capacity 59661K, committed 60288K, reserved 60800K
}
Event: 1485.796 GC heap before
{Heap before GC invocations=209 (full 17):
 def new generation   total 55360K, used 10682K [0x04600000, 0x08210000, 0x19b50000)
  eden space 49216K,  20% used [0x04600000, 0x050043a8, 0x07610000)
  from space 6144K,   6% used [0x07c10000, 0x07c7a750, 0x08210000)
  to   space 6144K,   0% used [0x07610000, 0x07610000, 0x07c10000)
 tenured generation   total 122752K, used 111198K [0x19b50000, 0x21330000, 0x44600000)
   the space 122752K,  90% used [0x19b50000, 0x207e7890, 0x207e7a00, 0x21330000)
 Metaspace       used 57733K, capacity 59661K, committed 60288K, reserved 60800K
Event: 1485.808 GC heap after
Heap after GC invocations=210 (full 17):
 def new generation   total 55360K, used 277K [0x04600000, 0x08210000, 0x19b50000)
  eden space 49216K,   0% used [0x04600000, 0x04600000, 0x07610000)
  from space 6144K,   4% used [0x07610000, 0x07655470, 0x07c10000)
  to   space 6144K,   0% used [0x07c10000, 0x07c10000, 0x08210000)
 tenured generation   total 122752K, used 121455K [0x19b50000, 0x21330000, 0x44600000)
   the space 122752K,  98% used [0x19b50000, 0x211ebc38, 0x211ebe00, 0x21330000)
 Metaspace       used 57733K, capacity 59661K, committed 60288K, reserved 60800K
}
Event: 1486.042 GC heap before
{Heap before GC invocations=210 (full 17):
 def new generation   total 55360K, used 49079K [0x04600000, 0x08210000, 0x19b50000)
  eden space 49216K,  99% used [0x04600000, 0x075a8a40, 0x07610000)
  from space 6144K,   4% used [0x07610000, 0x07655470, 0x07c10000)
  to   space 6144K,   0% used [0x07c10000, 0x07c10000, 0x08210000)
 tenured generation   total 122752K, used 121455K [0x19b50000, 0x21330000, 0x44600000)
   the space 122752K,  98% used [0x19b50000, 0x211ebc38, 0x211ebe00, 0x21330000)
 Metaspace       used 57813K, capacity 59735K, committed 60288K, reserved 60800K
Event: 1486.055 GC heap after
Heap after GC invocations=211 (full 17):
 def new generation   total 55360K, used 776K [0x04600000, 0x08210000, 0x19b50000)
  eden space 49216K,   0% used [0x04600000, 0x04600000, 0x07610000)
  from space 6144K,  12% used [0x07c10000, 0x07cd2398, 0x08210000)
  to   space 6144K,   0% used [0x07610000, 0x07610000, 0x07c10000)
 tenured generation   total 122752K, used 121455K [0x19b50000, 0x21330000, 0x44600000)
   the space 122752K,  98% used [0x19b50000, 0x211ebc38, 0x211ebe00, 0x21330000)
 Metaspace       used 57813K, capacity 59735K, committed 60288K, reserved 60800K
}

