# JRE version: Java(TM) SE Runtime Environment (8.0_161-b12) (build 1.8.0_161-b12)
# Java VM: Java HotSpot(TM) Client VM (25.161-b12 mixed mode windows-x86 )
Heap:
 def new generation   total 29952K, used 0K [0x05000000, 0x07070000, 0x1a550000)
  eden space 26688K,   0% used [0x05000000, 0x05000000, 0x06a10000)
  from space 3264K,   0% used [0x06d40000, 0x06d40000, 0x07070000)
  to   space 3264K,   0% used [0x06a10000, 0x06a10000, 0x06d40000)
 tenured generation   total 66708K, used 26602K [0x1a550000, 0x1e675000, 0x45000000)
   the space 66708K,  39% used [0x1a550000, 0x1bf4abc0, 0x1bf4ac00, 0x1e675000)
 Metaspace       used 42401K, capacity 43640K, committed 44288K, reserved 44416K
GC Heap History (10 events):
Event: 282.430 GC heap after
Heap after GC invocations=125 (full 6):
 def new generation   total 29952K, used 2301K [0x05000000, 0x07070000, 0x1a550000)
  eden space 26688K,   0% used [0x05000000, 0x05000000, 0x06a10000)
  from space 3264K,  70% used [0x06a10000, 0x06c4f418, 0x06d40000)
  to   space 3264K,   0% used [0x06d40000, 0x06d40000, 0x07070000)
 tenured generation   total 66196K, used 49010K [0x1a550000, 0x1e5f5000, 0x45000000)
   the space 66196K,  74% used [0x1a550000, 0x1d52ca48, 0x1d52cc00, 0x1e5f5000)
 Metaspace       used 39594K, capacity 40769K, committed 41344K, reserved 41344K
}
Event: 283.913 GC heap before
{Heap before GC invocations=125 (full 6):
 def new generation   total 29952K, used 28989K [0x05000000, 0x07070000, 0x1a550000)
  eden space 26688K, 100% used [0x05000000, 0x06a10000, 0x06a10000)
  from space 3264K,  70% used [0x06a10000, 0x06c4f418, 0x06d40000)
  to   space 3264K,   0% used [0x06d40000, 0x06d40000, 0x07070000)
 tenured generation   total 66196K, used 49010K [0x1a550000, 0x1e5f5000, 0x45000000)
   the space 66196K,  74% used [0x1a550000, 0x1d52ca48, 0x1d52cc00, 0x1e5f5000)
 Metaspace       used 39615K, capacity 40819K, committed 41472K, reserved 42368K
Event: 283.936 GC heap after
Heap after GC invocations=126 (full 6):
 def new generation   total 29952K, used 2402K [0x05000000, 0x07070000, 0x1a550000)
  eden space 26688K,   0% used [0x05000000, 0x05000000, 0x06a10000)
  from space 3264K,  73% used [0x06d40000, 0x06f98b78, 0x07070000)
  to   space 3264K,   0% used [0x06a10000, 0x06a10000, 0x06d40000)
 tenured generation   total 66196K, used 51104K [0x1a550000, 0x1e5f5000, 0x45000000)
   the space 66196K,  77% used [0x1a550000, 0x1d7381e8, 0x1d738200, 0x1e5f5000)
 Metaspace       used 39615K, capacity 40819K, committed 41472K, reserved 42368K
}
Event: 285.215 GC heap before
{Heap before GC invocations=126 (full 6):
 def new generation   total 29952K, used 29090K [0x05000000, 0x07070000, 0x1a550000)
  eden space 26688K, 100% used [0x05000000, 0x06a10000, 0x06a10000)
  from space 3264K,  73% used [0x06d40000, 0x06f98b78, 0x07070000)
  to   space 3264K,   0% used [0x06a10000, 0x06a10000, 0x06d40000)
 tenured generation   total 66196K, used 51104K [0x1a550000, 0x1e5f5000, 0x45000000)
   the space 66196K,  77% used [0x1a550000, 0x1d7381e8, 0x1d738200, 0x1e5f5000)
 Metaspace       used 40673K, capacity 41880K, committed 42496K, reserved 43392K
Event: 285.230 GC heap after
Heap after GC invocations=127 (full 6):
 def new generation   total 29952K, used 1537K [0x05000000, 0x07070000, 0x1a550000)
  eden space 26688K,   0% used [0x05000000, 0x05000000, 0x06a10000)
  from space 3264K,  47% used [0x06a10000, 0x06b90638, 0x06d40000)
  to   space 3264K,   0% used [0x06d40000, 0x06d40000, 0x07070000)
 tenured generation   total 66196K, used 51478K [0x1a550000, 0x1e5f5000, 0x45000000)
   the space 66196K,  77% used [0x1a550000, 0x1d795b40, 0x1d795c00, 0x1e5f5000)
 Metaspace       used 40673K, capacity 41880K, committed 42496K, reserved 43392K
}
Event: 285.829 GC heap before
{Heap before GC invocations=127 (full 6):
 def new generation   total 29952K, used 27816K [0x05000000, 0x07070000, 0x1a550000)
  eden space 26688K,  98% used [0x05000000, 0x069a9ab0, 0x06a10000)
  from space 3264K,  47% used [0x06a10000, 0x06b90638, 0x06d40000)
  to   space 3264K,   0% used [0x06d40000, 0x06d40000, 0x07070000)
 tenured generation   total 66196K, used 51478K [0x1a550000, 0x1e5f5000, 0x45000000)
   the space 66196K,  77% used [0x1a550000, 0x1d795b40, 0x1d795c00, 0x1e5f5000)
 Metaspace       used 41980K, capacity 43224K, committed 43776K, reserved 44416K
Event: 285.856 GC heap after
Heap after GC invocations=128 (full 6):
 def new generation   total 29952K, used 3264K [0x05000000, 0x07070000, 0x1a550000)
  eden space 26688K,   0% used [0x05000000, 0x05000000, 0x06a10000)
  from space 3264K, 100% used [0x06d40000, 0x07070000, 0x07070000)
  to   space 3264K,   0% used [0x06a10000, 0x06a10000, 0x06d40000)
 tenured generation   total 66196K, used 54966K [0x1a550000, 0x1e5f5000, 0x45000000)
   the space 66196K,  83% used [0x1a550000, 0x1dafdb38, 0x1dafdc00, 0x1e5f5000)
 Metaspace       used 41980K, capacity 43224K, committed 43776K, reserved 44416K
}
Event: 286.150 GC heap before
{Heap before GC invocations=128 (full 6):
 def new generation   total 29952K, used 29952K [0x05000000, 0x07070000, 0x1a550000)
  eden space 26688K, 100% used [0x05000000, 0x06a10000, 0x06a10000)
  from space 3264K, 100% used [0x06d40000, 0x07070000, 0x07070000)
  to   space 3264K,   0% used [0x06a10000, 0x06a10000, 0x06d40000)
 tenured generation   total 66196K, used 54966K [0x1a550000, 0x1e5f5000, 0x45000000)
   the space 66196K,  83% used [0x1a550000, 0x1dafdb38, 0x1dafdc00, 0x1e5f5000)
 Metaspace       used 42058K, capacity 43288K, committed 43904K, reserved 44416K
Event: 286.203 GC heap after
Heap after GC invocations=129 (full 6):
 def new generation   total 29952K, used 3264K [0x05000000, 0x07070000, 0x1a550000)
  eden space 26688K,   0% used [0x05000000, 0x05000000, 0x06a10000)
  from space 3264K, 100% used [0x06a10000, 0x06d40000, 0x06d40000)
  to   space 3264K,   0% used [0x06d40000, 0x06d40000, 0x07070000)
 tenured generation   total 66196K, used 63350K [0x1a550000, 0x1e5f5000, 0x45000000)
   the space 66196K,  95% used [0x1a550000, 0x1e32dad8, 0x1e32dc00, 0x1e5f5000)
 Metaspace       used 42058K, capacity 43288K, committed 43904K, reserved 44416K
}
Event: 287.866 GC heap before
{Heap before GC invocations=129 (full 6):
 def new generation   total 29952K, used 29952K [0x05000000, 0x07070000, 0x1a550000)
  eden space 26688K, 100% used [0x05000000, 0x06a10000, 0x06a10000)
  from space 3264K, 100% used [0x06a10000, 0x06d40000, 0x06d40000)
  to   space 3264K,   0% used [0x06d40000, 0x06d40000, 0x07070000)
 tenured generation   total 66196K, used 63350K [0x1a550000, 0x1e5f5000, 0x45000000)
   the space 66196K,  95% used [0x1a550000, 0x1e32dad8, 0x1e32dc00, 0x1e5f5000)
 Metaspace       used 42401K, capacity 43640K, committed 44288K, reserved 44416K

